<?xml version="1.0" encoding="UTF-8"?>
<!-- Generated by org.testng.reporters.JUnitReportReporter -->
<testsuite hostname="DESKTOP-AIPKG9P" failures="0" tests="1" name="Example" time="0.003" errors="0" timestamp="2022-11-04T17:30:54 IST" skipped="0">
  <testcase classname="Example" name="test1" time="0.003"/>
  <system-out/>
</testsuite> <!-- Example -->
