<?xml version="1.0" encoding="UTF-8"?>
<!-- Generated by org.testng.reporters.JUnitReportReporter -->
<testsuite hostname="DESKTOP-AIPKG9P" failures="0" tests="1" name="TestNG" time="0.003" errors="0" timestamp="2022-11-08T17:07:06 IST" skipped="0">
  <testcase classname="TestNG" name="test5" time="0.003"/>
  <system-out/>
</testsuite> <!-- TestNG -->
