<?xml version="1.0" encoding="UTF-8"?>
<!-- Generated by org.testng.reporters.JUnitReportReporter -->
<testsuite hostname="DESKTOP-AIPKG9P" failures="0" tests="1" name="Ex" time="0.004" errors="0" timestamp="2022-11-04T17:37:18 IST" skipped="0">
  <testcase classname="Ex" name="b" time="0.004"/>
  <system-out/>
</testsuite> <!-- Ex -->
